[0mPOST /api/v1/question/create [32m200[0m 38.673 ms - 79[0m
[0mPOST /api/v1/question/create [32m200[0m 36.556 ms - 79[0m
[0mPOST /api/v1/question/create [32m200[0m 38.720 ms - 79[0m
[0mPOST /api/v1/question/create [32m200[0m 12.617 ms - 79[0m
[0mPOST /api/v1/question/create [32m200[0m 66.574 ms - 79[0m
[0mPOST /api/v1/question/create [32m200[0m 38.664 ms - 79[0m
[0mPOST /api/v1/question/create [32m200[0m 44.966 ms - 107[0m
[0mPOST /api/v1/question/create [32m200[0m 8.127 ms - 107[0m
::1 - - [04/Dec/2022:19:38:16 +0000] "POST /api/v1/question/create HTTP/1.1" 200 107 "-" "PostmanRuntime/7.29.2"
::1 - - [04/Dec/2022:21:22:52 +0000] "POST /api/v1/question/create HTTP/1.1" 200 107 "-" "PostmanRuntime/7.29.2"
::1 - - [05/Dec/2022:09:57:17 +0000] "POST /api/v1/question/create HTTP/1.1" 200 107 "-" "PostmanRuntime/7.29.2"
::1 - - [05/Dec/2022:09:57:33 +0000] "GET /api/v1/question/638dc07dad770d0188f50ff0 HTTP/1.1" 200 85 "-" "PostmanRuntime/7.29.2"
::1 - - [05/Dec/2022:09:57:57 +0000] "POST /api/v1/option/63875fc9cdfbeb663232846d/add HTTP/1.1" 400 110 "-" "PostmanRuntime/7.29.2"
::1 - - [05/Dec/2022:09:58:09 +0000] "POST /api/v1/option/638dc07dad770d0188f50ff0/add HTTP/1.1" 200 173 "-" "PostmanRuntime/7.29.2"
::1 - - [05/Dec/2022:09:59:26 +0000] "GET /api/v1/option/638dc0b1ad770d0188f50ff6/add_vote HTTP/1.1" 200 99 "-" "PostmanRuntime/7.29.2"
::1 - - [05/Dec/2022:09:59:30 +0000] "POST /api/v1/option/638dc07dad770d0188f50ff0/add HTTP/1.1" 200 173 "-" "PostmanRuntime/7.29.2"
::1 - - [05/Dec/2022:09:59:39 +0000] "DELETE /api/v1/option/638dc102ad770d0188f50ffe/delete HTTP/1.1" 400 77 "-" "PostmanRuntime/7.29.2"
::1 - - [05/Dec/2022:09:59:44 +0000] "POST /api/v1/question/create HTTP/1.1" 200 107 "-" "PostmanRuntime/7.29.2"
::1 - - [05/Dec/2022:09:59:54 +0000] "DELETE /api/v1/question/638dc110ad770d0188f51003/delete HTTP/1.1" 200 107 "-" "PostmanRuntime/7.29.2"
::1 - - [05/Dec/2022:09:59:59 +0000] "GET /api/v1/question/638dc07dad770d0188f50ff0 HTTP/1.1" 200 400 "-" "PostmanRuntime/7.29.2"
::1 - - [05/Dec/2022:11:21:32 +0000] "GET /api/v1/question/638dc07dad770d0188f50ff0 HTTP/1.1" 200 400 "-" "PostmanRuntime/7.29.2"
::1 - - [05/Dec/2022:11:21:35 +0000] "POST /api/v1/question/create HTTP/1.1" 200 107 "-" "PostmanRuntime/7.29.2"
::1 - - [05/Dec/2022:11:21:36 +0000] "POST /api/v1/question/create HTTP/1.1" 200 107 "-" "PostmanRuntime/7.29.2"
::1 - - [05/Dec/2022:11:25:19 +0000] "POST /api/v1/question/create HTTP/1.1" 200 107 "-" "PostmanRuntime/7.29.2"
